<?xml version="1.0" encoding="utf-8"?><testsuites><testsuite errors="0" failures="0" hostname="c3fa8f797bde" name="pytest" skipped="0" tests="35" time="0.398" timestamp="2025-10-29T12:30:41.180361"><testcase classname="test.rest.api_test.TestApi" name="test_api_add" time="0.004"></testcase><testcase classname="test.rest.api_test.TestApi" name="test_api_add_floats" time="0.002"></testcase><testcase classname="test.rest.api_test.TestApi" name="test_api_add_invalid_parameters" time="0.002"></testcase><testcase classname="test.rest.api_test.TestApi" name="test_api_add_negative_numbers" time="0.002"></testcase><testcase classname="test.rest.api_test.TestApi" name="test_api_divide" time="0.002"></testcase><testcase classname="test.rest.api_test.TestApi" name="test_api_divide_by_zero" time="0.001"></testcase><testcase classname="test.rest.api_test.TestApi" name="test_api_divide_invalid_parameters" time="0.002"></testcase><testcase classname="test.rest.api_test.TestApi" name="test_api_divide_negative" time="0.001"></testcase><testcase classname="test.rest.api_test.TestApi" name="test_api_divide_with_decimals" time="0.001"></testcase><testcase classname="test.rest.api_test.TestApi" name="test_api_log10" time="0.001"></testcase><testcase classname="test.rest.api_test.TestApi" name="test_api_log10_invalid_parameter" time="0.001"></testcase><testcase classname="test.rest.api_test.TestApi" name="test_api_log10_of_1" time="0.001"></testcase><testcase classname="test.rest.api_test.TestApi" name="test_api_log10_of_100" time="0.001"></testcase><testcase classname="test.rest.api_test.TestApi" name="test_api_log10_of_negative" time="0.002"></testcase><testcase classname="test.rest.api_test.TestApi" name="test_api_log10_of_zero" time="0.001"></testcase><testcase classname="test.rest.api_test.TestApi" name="test_api_multiply" time="0.001"></testcase><testcase classname="test.rest.api_test.TestApi" name="test_api_multiply_by_zero" time="0.001"></testcase><testcase classname="test.rest.api_test.TestApi" name="test_api_multiply_floats" time="0.001"></testcase><testcase classname="test.rest.api_test.TestApi" name="test_api_multiply_invalid_parameters" time="0.002"></testcase><testcase classname="test.rest.api_test.TestApi" name="test_api_multiply_negative" time="0.001"></testcase><testcase classname="test.rest.api_test.TestApi" name="test_api_power" time="0.002"></testcase><testcase classname="test.rest.api_test.TestApi" name="test_api_power_floats" time="0.001"></testcase><testcase classname="test.rest.api_test.TestApi" name="test_api_power_invalid_parameters" time="0.001"></testcase><testcase classname="test.rest.api_test.TestApi" name="test_api_power_negative_exponent" time="0.001"></testcase><testcase classname="test.rest.api_test.TestApi" name="test_api_power_to_zero" time="0.001"></testcase><testcase classname="test.rest.api_test.TestApi" name="test_api_root" time="0.001"></testcase><testcase classname="test.rest.api_test.TestApi" name="test_api_square_root" time="0.001"></testcase><testcase classname="test.rest.api_test.TestApi" name="test_api_square_root_invalid_parameter" time="0.002"></testcase><testcase classname="test.rest.api_test.TestApi" name="test_api_square_root_negative_number" time="0.001"></testcase><testcase classname="test.rest.api_test.TestApi" name="test_api_square_root_of_nine" time="0.001"></testcase><testcase classname="test.rest.api_test.TestApi" name="test_api_square_root_of_zero" time="0.001"></testcase><testcase classname="test.rest.api_test.TestApi" name="test_api_substract" time="0.001"></testcase><testcase classname="test.rest.api_test.TestApi" name="test_api_substract_floats" time="0.007"></testcase><testcase classname="test.rest.api_test.TestApi" name="test_api_substract_invalid_parameters" time="0.002"></testcase><testcase classname="test.rest.api_test.TestApi" name="test_api_substract_negative_result" time="0.002"></testcase></testsuite></testsuites>