<testsuite errors="0" failures="0" hostname="906ff43451f2" name="features.calculator.Calculator basic usage" skipped="0" tests="35" time="0.009118" timestamp="2025-10-28T11:42:13.588681"><testcase classname="features.calculator.Calculator basic usage" name="Use the add operation" status="passed" time="0.000502"><system-out>
<![CDATA[
@scenario.begin
  Scenario: Use the add operation
    Given I open the calculator ... passed in 0.000s
    When I type 2 + 2 ... passed in 0.000s
    Then the result is 4 ... passed in 0.000s

@scenario.end
--------------------------------------------------------------------------------
]]>
</system-out></testcase><testcase classname="features.calculator.Calculator basic usage" name="Use the add operation multiple times -- @1.1 Add numbers" status="passed" time="0.000356"><system-out>
<![CDATA[
@scenario.begin
  Scenario Outline: Use the add operation multiple times -- @1.1 Add numbers
    Given I open the calculator ... passed in 0.000s
    When I type 2 + 2 ... passed in 0.000s
    Then the result is 4 ... passed in 0.000s

@scenario.end
--------------------------------------------------------------------------------
]]>
</system-out></testcase><testcase classname="features.calculator.Calculator basic usage" name="Use the add operation multiple times -- @1.2 Add numbers" status="passed" time="0.000332"><system-out>
<![CDATA[
@scenario.begin
  Scenario Outline: Use the add operation multiple times -- @1.2 Add numbers
    Given I open the calculator ... passed in 0.000s
    When I type 1 + 0 ... passed in 0.000s
    Then the result is 1 ... passed in 0.000s

@scenario.end
--------------------------------------------------------------------------------
]]>
</system-out></testcase><testcase classname="features.calculator.Calculator basic usage" name="Use the add operation multiple times -- @1.3 Add numbers" status="passed" time="0.000306"><system-out>
<![CDATA[
@scenario.begin
  Scenario Outline: Use the add operation multiple times -- @1.3 Add numbers
    Given I open the calculator ... passed in 0.000s
    When I type 1 + -1 ... passed in 0.000s
    Then the result is 0 ... passed in 0.000s

@scenario.end
--------------------------------------------------------------------------------
]]>
</system-out></testcase><testcase classname="features.calculator.Calculator basic usage" name="Use the add operation multiple times -- @1.4 Add numbers" status="passed" time="0.000297"><system-out>
<![CDATA[
@scenario.begin
  Scenario Outline: Use the add operation multiple times -- @1.4 Add numbers
    Given I open the calculator ... passed in 0.000s
    When I type 5 + 3 ... passed in 0.000s
    Then the result is 8 ... passed in 0.000s

@scenario.end
--------------------------------------------------------------------------------
]]>
</system-out></testcase><testcase classname="features.calculator.Calculator basic usage" name="Use the substract operation" status="passed" time="0.000232"><system-out>
<![CDATA[
@scenario.begin
  Scenario: Use the substract operation
    Given I open the calculator ... passed in 0.000s
    When I type 10 - 3 ... passed in 0.000s
    Then the result is 7 ... passed in 0.000s

@scenario.end
--------------------------------------------------------------------------------
]]>
</system-out></testcase><testcase classname="features.calculator.Calculator basic usage" name="Use the substract operation multiple times -- @1.1 Substract numbers" status="passed" time="0.000265"><system-out>
<![CDATA[
@scenario.begin
  Scenario Outline: Use the substract operation multiple times -- @1.1 Substract numbers
    Given I open the calculator ... passed in 0.000s
    When I type 10 - 3 ... passed in 0.000s
    Then the result is 7 ... passed in 0.000s

@scenario.end
--------------------------------------------------------------------------------
]]>
</system-out></testcase><testcase classname="features.calculator.Calculator basic usage" name="Use the substract operation multiple times -- @1.2 Substract numbers" status="passed" time="0.000272"><system-out>
<![CDATA[
@scenario.begin
  Scenario Outline: Use the substract operation multiple times -- @1.2 Substract numbers
    Given I open the calculator ... passed in 0.000s
    When I type 5 - 0 ... passed in 0.000s
    Then the result is 5 ... passed in 0.000s

@scenario.end
--------------------------------------------------------------------------------
]]>
</system-out></testcase><testcase classname="features.calculator.Calculator basic usage" name="Use the substract operation multiple times -- @1.3 Substract numbers" status="passed" time="0.000291"><system-out>
<![CDATA[
@scenario.begin
  Scenario Outline: Use the substract operation multiple times -- @1.3 Substract numbers
    Given I open the calculator ... passed in 0.000s
    When I type 3 - 10 ... passed in 0.000s
    Then the result is -7 ... passed in 0.000s

@scenario.end
--------------------------------------------------------------------------------
]]>
</system-out></testcase><testcase classname="features.calculator.Calculator basic usage" name="Use the substract operation multiple times -- @1.4 Substract numbers" status="passed" time="0.000285"><system-out>
<![CDATA[
@scenario.begin
  Scenario Outline: Use the substract operation multiple times -- @1.4 Substract numbers
    Given I open the calculator ... passed in 0.000s
    When I type 0 - 5 ... passed in 0.000s
    Then the result is -5 ... passed in 0.000s

@scenario.end
--------------------------------------------------------------------------------
]]>
</system-out></testcase><testcase classname="features.calculator.Calculator basic usage" name="Use the multiply operation" status="passed" time="0.000253"><system-out>
<![CDATA[
@scenario.begin
  Scenario: Use the multiply operation
    Given I open the calculator ... passed in 0.000s
    When I type 4 * 5 ... passed in 0.000s
    Then the result is 20 ... passed in 0.000s

@scenario.end
--------------------------------------------------------------------------------
]]>
</system-out></testcase><testcase classname="features.calculator.Calculator basic usage" name="Use the multiply operation multiple times -- @1.1 Multiply numbers" status="passed" time="0.000231"><system-out>
<![CDATA[
@scenario.begin
  Scenario Outline: Use the multiply operation multiple times -- @1.1 Multiply numbers
    Given I open the calculator ... passed in 0.000s
    When I type 4 * 5 ... passed in 0.000s
    Then the result is 20 ... passed in 0.000s

@scenario.end
--------------------------------------------------------------------------------
]]>
</system-out></testcase><testcase classname="features.calculator.Calculator basic usage" name="Use the multiply operation multiple times -- @1.2 Multiply numbers" status="passed" time="0.000288"><system-out>
<![CDATA[
@scenario.begin
  Scenario Outline: Use the multiply operation multiple times -- @1.2 Multiply numbers
    Given I open the calculator ... passed in 0.000s
    When I type 7 * 0 ... passed in 0.000s
    Then the result is 0 ... passed in 0.000s

@scenario.end
--------------------------------------------------------------------------------
]]>
</system-out></testcase><testcase classname="features.calculator.Calculator basic usage" name="Use the multiply operation multiple times -- @1.3 Multiply numbers" status="passed" time="0.00024"><system-out>
<![CDATA[
@scenario.begin
  Scenario Outline: Use the multiply operation multiple times -- @1.3 Multiply numbers
    Given I open the calculator ... passed in 0.000s
    When I type -3 * 4 ... passed in 0.000s
    Then the result is -12 ... passed in 0.000s

@scenario.end
--------------------------------------------------------------------------------
]]>
</system-out></testcase><testcase classname="features.calculator.Calculator basic usage" name="Use the multiply operation multiple times -- @1.4 Multiply numbers" status="passed" time="0.000233"><system-out>
<![CDATA[
@scenario.begin
  Scenario Outline: Use the multiply operation multiple times -- @1.4 Multiply numbers
    Given I open the calculator ... passed in 0.000s
    When I type 3 * 3 ... passed in 0.000s
    Then the result is 9 ... passed in 0.000s

@scenario.end
--------------------------------------------------------------------------------
]]>
</system-out></testcase><testcase classname="features.calculator.Calculator basic usage" name="Use the divide operation" status="passed" time="0.000228"><system-out>
<![CDATA[
@scenario.begin
  Scenario: Use the divide operation
    Given I open the calculator ... passed in 0.000s
    When I type 10 / 2 ... passed in 0.000s
    Then the result is 5 ... passed in 0.000s

@scenario.end
--------------------------------------------------------------------------------
]]>
</system-out></testcase><testcase classname="features.calculator.Calculator basic usage" name="Use the divide operation multiple times -- @1.1 Divide numbers" status="passed" time="0.000233"><system-out>
<![CDATA[
@scenario.begin
  Scenario Outline: Use the divide operation multiple times -- @1.1 Divide numbers
    Given I open the calculator ... passed in 0.000s
    When I type 10 / 2 ... passed in 0.000s
    Then the result is 5 ... passed in 0.000s

@scenario.end
--------------------------------------------------------------------------------
]]>
</system-out></testcase><testcase classname="features.calculator.Calculator basic usage" name="Use the divide operation multiple times -- @1.2 Divide numbers" status="passed" time="0.000231"><system-out>
<![CDATA[
@scenario.begin
  Scenario Outline: Use the divide operation multiple times -- @1.2 Divide numbers
    Given I open the calculator ... passed in 0.000s
    When I type 10 / 4 ... passed in 0.000s
    Then the result is 2.5 ... passed in 0.000s

@scenario.end
--------------------------------------------------------------------------------
]]>
</system-out></testcase><testcase classname="features.calculator.Calculator basic usage" name="Use the divide operation multiple times -- @1.3 Divide numbers" status="passed" time="0.000243"><system-out>
<![CDATA[
@scenario.begin
  Scenario Outline: Use the divide operation multiple times -- @1.3 Divide numbers
    Given I open the calculator ... passed in 0.000s
    When I type -10 / 2 ... passed in 0.000s
    Then the result is -5 ... passed in 0.000s

@scenario.end
--------------------------------------------------------------------------------
]]>
</system-out></testcase><testcase classname="features.calculator.Calculator basic usage" name="Use the divide operation multiple times -- @1.4 Divide numbers" status="passed" time="0.000231"><system-out>
<![CDATA[
@scenario.begin
  Scenario Outline: Use the divide operation multiple times -- @1.4 Divide numbers
    Given I open the calculator ... passed in 0.000s
    When I type 20 / 5 ... passed in 0.000s
    Then the result is 4 ... passed in 0.000s

@scenario.end
--------------------------------------------------------------------------------
]]>
</system-out></testcase><testcase classname="features.calculator.Calculator basic usage" name="Use the power operation" status="passed" time="0.000243"><system-out>
<![CDATA[
@scenario.begin
  Scenario: Use the power operation
    Given I open the calculator ... passed in 0.000s
    When I type 2 ^ 3 ... passed in 0.000s
    Then the result is 8 ... passed in 0.000s

@scenario.end
--------------------------------------------------------------------------------
]]>
</system-out></testcase><testcase classname="features.calculator.Calculator basic usage" name="Use the power operation multiple times -- @1.1 Power calculations" status="passed" time="0.000235"><system-out>
<![CDATA[
@scenario.begin
  Scenario Outline: Use the power operation multiple times -- @1.1 Power calculations
    Given I open the calculator ... passed in 0.000s
    When I type 2 ^ 3 ... passed in 0.000s
    Then the result is 8 ... passed in 0.000s

@scenario.end
--------------------------------------------------------------------------------
]]>
</system-out></testcase><testcase classname="features.calculator.Calculator basic usage" name="Use the power operation multiple times -- @1.2 Power calculations" status="passed" time="0.000238"><system-out>
<![CDATA[
@scenario.begin
  Scenario Outline: Use the power operation multiple times -- @1.2 Power calculations
    Given I open the calculator ... passed in 0.000s
    When I type 5 ^ 0 ... passed in 0.000s
    Then the result is 1 ... passed in 0.000s

@scenario.end
--------------------------------------------------------------------------------
]]>
</system-out></testcase><testcase classname="features.calculator.Calculator basic usage" name="Use the power operation multiple times -- @1.3 Power calculations" status="passed" time="0.000259"><system-out>
<![CDATA[
@scenario.begin
  Scenario Outline: Use the power operation multiple times -- @1.3 Power calculations
    Given I open the calculator ... passed in 0.000s
    When I type 2 ^ -1 ... passed in 0.000s
    Then the result is 0.5 ... passed in 0.000s

@scenario.end
--------------------------------------------------------------------------------
]]>
</system-out></testcase><testcase classname="features.calculator.Calculator basic usage" name="Use the power operation multiple times -- @1.4 Power calculations" status="passed" time="0.000239"><system-out>
<![CDATA[
@scenario.begin
  Scenario Outline: Use the power operation multiple times -- @1.4 Power calculations
    Given I open the calculator ... passed in 0.000s
    When I type 3 ^ 2 ... passed in 0.000s
    Then the result is 9 ... passed in 0.000s

@scenario.end
--------------------------------------------------------------------------------
]]>
</system-out></testcase><testcase classname="features.calculator.Calculator basic usage" name="Use the square root operation" status="passed" time="0.000233"><system-out>
<![CDATA[
@scenario.begin
  Scenario: Use the square root operation
    Given I open the calculator ... passed in 0.000s
    When I type sqrt(16) ... passed in 0.000s
    Then the result is 4 ... passed in 0.000s

@scenario.end
--------------------------------------------------------------------------------
]]>
</system-out></testcase><testcase classname="features.calculator.Calculator basic usage" name="Use the square root operation multiple times -- @1.1 Square roots" status="passed" time="0.000228"><system-out>
<![CDATA[
@scenario.begin
  Scenario Outline: Use the square root operation multiple times -- @1.1 Square roots
    Given I open the calculator ... passed in 0.000s
    When I type sqrt(16) ... passed in 0.000s
    Then the result is 4 ... passed in 0.000s

@scenario.end
--------------------------------------------------------------------------------
]]>
</system-out></testcase><testcase classname="features.calculator.Calculator basic usage" name="Use the square root operation multiple times -- @1.2 Square roots" status="passed" time="0.000237"><system-out>
<![CDATA[
@scenario.begin
  Scenario Outline: Use the square root operation multiple times -- @1.2 Square roots
    Given I open the calculator ... passed in 0.000s
    When I type sqrt(9) ... passed in 0.000s
    Then the result is 3 ... passed in 0.000s

@scenario.end
--------------------------------------------------------------------------------
]]>
</system-out></testcase><testcase classname="features.calculator.Calculator basic usage" name="Use the square root operation multiple times -- @1.3 Square roots" status="passed" time="0.000239"><system-out>
<![CDATA[
@scenario.begin
  Scenario Outline: Use the square root operation multiple times -- @1.3 Square roots
    Given I open the calculator ... passed in 0.000s
    When I type sqrt(0) ... passed in 0.000s
    Then the result is 0 ... passed in 0.000s

@scenario.end
--------------------------------------------------------------------------------
]]>
</system-out></testcase><testcase classname="features.calculator.Calculator basic usage" name="Use the square root operation multiple times -- @1.4 Square roots" status="passed" time="0.000233"><system-out>
<![CDATA[
@scenario.begin
  Scenario Outline: Use the square root operation multiple times -- @1.4 Square roots
    Given I open the calculator ... passed in 0.000s
    When I type sqrt(4) ... passed in 0.000s
    Then the result is 2 ... passed in 0.000s

@scenario.end
--------------------------------------------------------------------------------
]]>
</system-out></testcase><testcase classname="features.calculator.Calculator basic usage" name="Use the logarithm base 10 operation" status="passed" time="0.000246"><system-out>
<![CDATA[
@scenario.begin
  Scenario: Use the logarithm base 10 operation
    Given I open the calculator ... passed in 0.000s
    When I type log10(10) ... passed in 0.000s
    Then the result is 1 ... passed in 0.000s

@scenario.end
--------------------------------------------------------------------------------
]]>
</system-out></testcase><testcase classname="features.calculator.Calculator basic usage" name="Use the logarithm base 10 operation multiple times -- @1.1 Logarithms base 10" status="passed" time="0.000232"><system-out>
<![CDATA[
@scenario.begin
  Scenario Outline: Use the logarithm base 10 operation multiple times -- @1.1 Logarithms base 10
    Given I open the calculator ... passed in 0.000s
    When I type log10(10) ... passed in 0.000s
    Then the result is 1 ... passed in 0.000s

@scenario.end
--------------------------------------------------------------------------------
]]>
</system-out></testcase><testcase classname="features.calculator.Calculator basic usage" name="Use the logarithm base 10 operation multiple times -- @1.2 Logarithms base 10" status="passed" time="0.000241"><system-out>
<![CDATA[
@scenario.begin
  Scenario Outline: Use the logarithm base 10 operation multiple times -- @1.2 Logarithms base 10
    Given I open the calculator ... passed in 0.000s
    When I type log10(100) ... passed in 0.000s
    Then the result is 2 ... passed in 0.000s

@scenario.end
--------------------------------------------------------------------------------
]]>
</system-out></testcase><testcase classname="features.calculator.Calculator basic usage" name="Use the logarithm base 10 operation multiple times -- @1.3 Logarithms base 10" status="passed" time="0.000233"><system-out>
<![CDATA[
@scenario.begin
  Scenario Outline: Use the logarithm base 10 operation multiple times -- @1.3 Logarithms base 10
    Given I open the calculator ... passed in 0.000s
    When I type log10(1) ... passed in 0.000s
    Then the result is 0 ... passed in 0.000s

@scenario.end
--------------------------------------------------------------------------------
]]>
</system-out></testcase><testcase classname="features.calculator.Calculator basic usage" name="Use the logarithm base 10 operation multiple times -- @1.4 Logarithms base 10" status="passed" time="0.000233"><system-out>
<![CDATA[
@scenario.begin
  Scenario Outline: Use the logarithm base 10 operation multiple times -- @1.4 Logarithms base 10
    Given I open the calculator ... passed in 0.000s
    When I type log10(1000) ... passed in 0.000s
    Then the result is 3 ... passed in 0.000s

@scenario.end
--------------------------------------------------------------------------------
]]>
</system-out></testcase></testsuite>