<?xml version="1.0" encoding="UTF-8"?>
<testsuites name="Mocha Tests" time="5.215999999999999" tests="6" failures="0" skipped="1">
  <testsuite name="Root Suite" timestamp="2025-10-28T12:44:31" tests="0" file="cypress/integration/calc.spec.js" failures="0" time="0">
  </testsuite>
  <testsuite name="Calc" timestamp="2025-10-28T12:44:31" tests="6" failures="0" time="5.215999999999999">
    <testcase name="Calc get the title" time="0.605" classname="get the title">
    </testcase>
    <testcase name="Calc can type operands" time="0.861" classname="can type operands">
    </testcase>
    <testcase name="Calc can click add" time="1.483" classname="can click add">
    </testcase>
    <testcase name="Calc can click substract (using fixture)" time="1.316" classname="can click substract (using fixture)">
    </testcase>
    <testcase name="Calc increases the history log" time="0.951" classname="increases the history log">
    </testcase>
  </testsuite>
</testsuites>