<?xml version="1.0" encoding="utf-8"?><testsuites><testsuite errors="0" failures="0" hostname="f92bf613d1ab" name="pytest" skipped="0" tests="24" time="0.284" timestamp="2025-10-29T12:31:23.395534"><testcase classname="test.unit.calc_test.TestCalculate" name="test_add_method_fails_with_nan_parameter" time="0.001"></testcase><testcase classname="test.unit.calc_test.TestCalculate" name="test_add_method_returns_correct_result" time="0.001"></testcase><testcase classname="test.unit.calc_test.TestCalculate" name="test_divide_method_fails_with_division_by_zero" time="0.001"></testcase><testcase classname="test.unit.calc_test.TestCalculate" name="test_divide_method_fails_with_nan_parameter" time="0.001"></testcase><testcase classname="test.unit.calc_test.TestCalculate" name="test_divide_method_returns_correct_result" time="0.000"></testcase><testcase classname="test.unit.calc_test.TestCalculate" name="test_log10_method_fails_with_nan_parameter" time="0.001"></testcase><testcase classname="test.unit.calc_test.TestCalculate" name="test_log10_method_fails_with_non_positive_number" time="0.000"></testcase><testcase classname="test.unit.calc_test.TestCalculate" name="test_log10_method_returns_correct_result" time="0.001"></testcase><testcase classname="test.unit.calc_test.TestCalculate" name="test_multiply_method_fails_with_nan_parameter" time="0.001"></testcase><testcase classname="test.unit.calc_test.TestCalculate" name="test_multiply_method_returns_correct_result" time="0.000"></testcase><testcase classname="test.unit.calc_test.TestCalculate" name="test_power_method_fails_with_nan_parameter" time="0.001"></testcase><testcase classname="test.unit.calc_test.TestCalculate" name="test_power_method_returns_correct_result" time="0.001"></testcase><testcase classname="test.unit.calc_test.TestCalculate" name="test_square_root_method_fails_with_nan_parameter" time="0.001"></testcase><testcase classname="test.unit.calc_test.TestCalculate" name="test_square_root_method_fails_with_negative_number" time="0.001"></testcase><testcase classname="test.unit.calc_test.TestCalculate" name="test_square_root_method_returns_correct_result" time="0.000"></testcase><testcase classname="test.unit.calc_test.TestCalculate" name="test_substract_method_fails_with_nan_parameter" time="0.001"></testcase><testcase classname="test.unit.calc_test.TestCalculate" name="test_substract_method_returns_correct_result" time="0.001"></testcase><testcase classname="test.unit.util_test.TestUtil" name="test_convert_to_number_invalid_strings" time="0.001"></testcase><testcase classname="test.unit.util_test.TestUtil" name="test_convert_to_number_scientific_notation" time="0.001"></testcase><testcase classname="test.unit.util_test.TestUtil" name="test_convert_to_number_special_floats" time="0.001"></testcase><testcase classname="test.unit.util_test.TestUtil" name="test_convert_to_number_with_floats" time="0.000"></testcase><testcase classname="test.unit.util_test.TestUtil" name="test_convert_to_number_with_integers" time="0.001"></testcase><testcase classname="test.unit.util_test.TestUtil" name="test_convert_to_number_with_none_and_objects" time="0.000"></testcase><testcase classname="test.unit.util_test.TestUtil" name="test_convert_to_number_with_whitespace" time="0.001"></testcase></testsuite></testsuites>